<?xml version="1.0" encoding="UTF-8"?>
<testng-results ignored="0" total="3" passed="2" failed="1" skipped="0">
  <reporter-output>
  </reporter-output>
  <suite started-at="2024-07-25T23:02:25 IST" name="Suite" finished-at="2024-07-25T23:04:13 IST" duration-ms="108574">
    <groups>
    </groups>
    <test started-at="2024-07-25T23:02:25 IST" name="Test" finished-at="2024-07-25T23:04:13 IST" duration-ms="108574">
      <class name="TestCases.TC_01_LoginTest">
        <test-method is-config="true" signature="start()[pri:0, instance:TestCases.TC_01_LoginTest@ba2f4ec]" started-at="2024-07-25T23:02:31 IST" name="start" finished-at="2024-07-25T23:02:55 IST" duration-ms="23624" status="PASS">
          <reporter-output>
          </reporter-output>
        </test-method> <!-- start -->
        <test-method signature="TC_01_Login(java.lang.String,java.lang.String)[pri:0, instance:TestCases.TC_01_LoginTest@ba2f4ec]" started-at="2024-07-25T23:02:55 IST" name="TC_01_Login" data-provider="getFromExcel" finished-at="2024-07-25T23:03:04 IST" duration-ms="8941" status="FAIL">
          <params>
            <param index="0">
              <value>
                <![CDATA[John Does]]>
              </value>
            </param>
            <param index="1">
              <value>
                <![CDATA[ThisIsPassword]]>
              </value>
            </param>
          </params>
          <exception class="java.lang.AssertionError">
            <message>
              <![CDATA[expected [true] but found [false]]]>
            </message>
            <full-stacktrace>
              <![CDATA[java.lang.AssertionError: expected [true] but found [false]
at org.testng.Assert.fail(Assert.java:111)
at org.testng.Assert.failNotEquals(Assert.java:1578)
at org.testng.Assert.assertTrue(Assert.java:57)
at org.testng.Assert.assertTrue(Assert.java:67)
at TestCases.TC_01_LoginTest.TC_01_Login(TC_01_LoginTest.java:16)
at java.base/jdk.internal.reflect.DirectMethodHandleAccessor.invoke(DirectMethodHandleAccessor.java:103)
at java.base/java.lang.reflect.Method.invoke(Method.java:580)
at org.testng.internal.invokers.MethodInvocationHelper.invokeMethod(MethodInvocationHelper.java:139)
at org.testng.internal.invokers.TestInvoker.invokeMethod(TestInvoker.java:664)
at org.testng.internal.invokers.TestInvoker.invokeTestMethod(TestInvoker.java:228)
at org.testng.internal.invokers.MethodRunner.runInSequence(MethodRunner.java:63)
at org.testng.internal.invokers.TestInvoker$MethodInvocationAgent.invoke(TestInvoker.java:961)
at org.testng.internal.invokers.TestInvoker.invokeTestMethods(TestInvoker.java:201)
at org.testng.internal.invokers.TestMethodWorker.invokeTestMethods(TestMethodWorker.java:148)
at org.testng.internal.invokers.TestMethodWorker.run(TestMethodWorker.java:128)
at java.base/java.util.ArrayList.forEach(ArrayList.java:1596)
at org.testng.TestRunner.privateRun(TestRunner.java:819)
at org.testng.TestRunner.run(TestRunner.java:619)
at org.testng.SuiteRunner.runTest(SuiteRunner.java:443)
at org.testng.SuiteRunner.runSequentially(SuiteRunner.java:437)
at org.testng.SuiteRunner.privateRun(SuiteRunner.java:397)
at org.testng.SuiteRunner.run(SuiteRunner.java:336)
at org.testng.SuiteRunnerWorker.runSuite(SuiteRunnerWorker.java:52)
at org.testng.SuiteRunnerWorker.run(SuiteRunnerWorker.java:95)
at org.testng.TestNG.runSuitesSequentially(TestNG.java:1301)
at org.testng.TestNG.runSuitesLocally(TestNG.java:1228)
at org.testng.TestNG.runSuites(TestNG.java:1134)
at org.testng.TestNG.run(TestNG.java:1101)
at org.testng.remote.AbstractRemoteTestNG.run(AbstractRemoteTestNG.java:115)
at org.testng.remote.RemoteTestNG.initAndRun(RemoteTestNG.java:293)
at org.testng.remote.RemoteTestNG.main(RemoteTestNG.java:91)
]]>
            </full-stacktrace>
          </exception> <!-- java.lang.AssertionError -->
          <reporter-output>
          </reporter-output>
        </test-method> <!-- TC_01_Login -->
        <test-method is-config="true" signature="close()[pri:0, instance:TestCases.TC_01_LoginTest@ba2f4ec]" started-at="2024-07-25T23:03:04 IST" name="close" finished-at="2024-07-25T23:03:05 IST" duration-ms="712" status="PASS">
          <reporter-output>
          </reporter-output>
        </test-method> <!-- close -->
        <test-method is-config="true" signature="start()[pri:0, instance:TestCases.TC_01_LoginTest@ba2f4ec]" started-at="2024-07-25T23:03:05 IST" name="start" finished-at="2024-07-25T23:03:17 IST" duration-ms="12078" status="PASS">
          <reporter-output>
          </reporter-output>
        </test-method> <!-- start -->
        <test-method signature="TC_01_Login(java.lang.String,java.lang.String)[pri:0, instance:TestCases.TC_01_LoginTest@ba2f4ec]" started-at="2024-07-25T23:03:17 IST" name="TC_01_Login" data-provider="getFromExcel" finished-at="2024-07-25T23:03:28 IST" duration-ms="11413" status="PASS">
          <params>
            <param index="0">
              <value>
                <![CDATA[John Doe]]>
              </value>
            </param>
            <param index="1">
              <value>
                <![CDATA[ThisIsNotAPassword]]>
              </value>
            </param>
          </params>
          <reporter-output>
          </reporter-output>
        </test-method> <!-- TC_01_Login -->
        <test-method is-config="true" signature="close()[pri:0, instance:TestCases.TC_01_LoginTest@ba2f4ec]" started-at="2024-07-25T23:03:28 IST" name="close" finished-at="2024-07-25T23:03:29 IST" duration-ms="800" status="PASS">
          <reporter-output>
          </reporter-output>
        </test-method> <!-- close -->
      </class> <!-- TestCases.TC_01_LoginTest -->
      <class name="TestCases.TC_02_AppBookTest">
        <test-method is-config="true" signature="start()[pri:0, instance:TestCases.TC_02_AppBookTest@1e66f1f5]" started-at="2024-07-25T23:03:29 IST" name="start" finished-at="2024-07-25T23:03:43 IST" duration-ms="13772" status="PASS">
          <reporter-output>
          </reporter-output>
        </test-method> <!-- start -->
        <test-method signature="TC_02_AppBook()[pri:0, instance:TestCases.TC_02_AppBookTest@1e66f1f5]" started-at="2024-07-25T23:03:43 IST" name="TC_02_AppBook" finished-at="2024-07-25T23:04:12 IST" duration-ms="29461" status="PASS">
          <reporter-output>
          </reporter-output>
        </test-method> <!-- TC_02_AppBook -->
        <test-method is-config="true" signature="close()[pri:0, instance:TestCases.TC_02_AppBookTest@1e66f1f5]" started-at="2024-07-25T23:04:12 IST" name="close" finished-at="2024-07-25T23:04:13 IST" duration-ms="1095" status="PASS">
          <reporter-output>
          </reporter-output>
        </test-method> <!-- close -->
      </class> <!-- TestCases.TC_02_AppBookTest -->
    </test> <!-- Test -->
  </suite> <!-- Suite -->
</testng-results>
